2016-04-14 04:00:12 Error: [MissingActionException] Action AppController::index.php() could not be found.
Exception Attributes: array (
  'controller' => 'AppController',
  'action' => 'index.php',
)
Request URL: /app/index.php
Stack Trace:
#0 /home/ubuntu/workspace/lib/Cake/Routing/Dispatcher.php(193): Controller->invokeAction(Object(CakeRequest))
#1 /home/ubuntu/workspace/lib/Cake/Routing/Dispatcher.php(167): Dispatcher->_invoke(Object(AppController), Object(CakeRequest))
#2 /home/ubuntu/workspace/app/webroot/index.php(111): Dispatcher->dispatch(Object(CakeRequest), Object(CakeResponse))
#3 {main}
2016-04-14 15:08:14 Error: [MissingActionException] Action AppController::index.php() could not be found.
Exception Attributes: array (
  'controller' => 'AppController',
  'action' => 'index.php',
)
Request URL: /app/index.php
Stack Trace:
#0 /home/ubuntu/workspace/lib/Cake/Routing/Dispatcher.php(193): Controller->invokeAction(Object(CakeRequest))
#1 /home/ubuntu/workspace/lib/Cake/Routing/Dispatcher.php(167): Dispatcher->_invoke(Object(AppController), Object(CakeRequest))
#2 /home/ubuntu/workspace/app/webroot/index.php(111): Dispatcher->dispatch(Object(CakeRequest), Object(CakeResponse))
#3 {main}
2016-04-18 01:58:39 Error: [MissingControllerException] Controller class UsersController could not be found.
Exception Attributes: array (
  'class' => 'UsersController',
  'plugin' => NULL,
)
Request URL: /users/login
Stack Trace:
#0 /home/ubuntu/workspace/app/webroot/index.php(111): Dispatcher->dispatch(Object(CakeRequest), Object(CakeResponse))
#1 {main}
2016-04-19 17:18:35 Error: [MissingActionException] Action UsersController::login() could not be found.
Exception Attributes: array (
  'controller' => 'UsersController',
  'action' => 'login',
)
Request URL: /users/login
Stack Trace:
#0 /home/ubuntu/workspace/lib/Cake/Routing/Dispatcher.php(193): Controller->invokeAction(Object(CakeRequest))
#1 /home/ubuntu/workspace/lib/Cake/Routing/Dispatcher.php(167): Dispatcher->_invoke(Object(UsersController), Object(CakeRequest))
#2 /home/ubuntu/workspace/app/webroot/index.php(111): Dispatcher->dispatch(Object(CakeRequest), Object(CakeResponse))
#3 {main}
2016-04-20 16:12:32 Error: [MissingActionException] Action AppController::index.php() could not be found.
Exception Attributes: array (
  'controller' => 'AppController',
  'action' => 'index.php',
)
Request URL: /app/index.php
Stack Trace:
#0 /home/ubuntu/workspace/lib/Cake/Routing/Dispatcher.php(193): Controller->invokeAction(Object(CakeRequest))
#1 /home/ubuntu/workspace/lib/Cake/Routing/Dispatcher.php(167): Dispatcher->_invoke(Object(AppController), Object(CakeRequest))
#2 /home/ubuntu/workspace/app/webroot/index.php(111): Dispatcher->dispatch(Object(CakeRequest), Object(CakeResponse))
#3 {main}
2016-04-21 04:32:47 Error: [MissingActionException] Action UsersController::img() could not be found.
Exception Attributes: array (
  'controller' => 'UsersController',
  'action' => 'img',
)
Request URL: /users/img/flickr-2.jpg
Stack Trace:
#0 /home/ubuntu/workspace/lib/Cake/Routing/Dispatcher.php(193): Controller->invokeAction(Object(CakeRequest))
#1 /home/ubuntu/workspace/lib/Cake/Routing/Dispatcher.php(167): Dispatcher->_invoke(Object(UsersController), Object(CakeRequest))
#2 /home/ubuntu/workspace/app/webroot/index.php(111): Dispatcher->dispatch(Object(CakeRequest), Object(CakeResponse))
#3 {main}
2016-04-21 04:32:47 Error: [MissingActionException] Action UsersController::img() could not be found.
Exception Attributes: array (
  'controller' => 'UsersController',
  'action' => 'img',
)
Request URL: /users/img/flickr-4.jpg
Stack Trace:
#0 /home/ubuntu/workspace/lib/Cake/Routing/Dispatcher.php(193): Controller->invokeAction(Object(CakeRequest))
#1 /home/ubuntu/workspace/lib/Cake/Routing/Dispatcher.php(167): Dispatcher->_invoke(Object(UsersController), Object(CakeRequest))
#2 /home/ubuntu/workspace/app/webroot/index.php(111): Dispatcher->dispatch(Object(CakeRequest), Object(CakeResponse))
#3 {main}
2016-04-21 04:32:47 Error: [MissingActionException] Action UsersController::img() could not be found.
Exception Attributes: array (
  'controller' => 'UsersController',
  'action' => 'img',
)
Request URL: /users/img/flickr-1.jpg
Stack Trace:
#0 /home/ubuntu/workspace/lib/Cake/Routing/Dispatcher.php(193): Controller->invokeAction(Object(CakeRequest))
#1 /home/ubuntu/workspace/lib/Cake/Routing/Dispatcher.php(167): Dispatcher->_invoke(Object(UsersController), Object(CakeRequest))
#2 /home/ubuntu/workspace/app/webroot/index.php(111): Dispatcher->dispatch(Object(CakeRequest), Object(CakeResponse))
#3 {main}
2016-04-21 04:32:47 Error: [MissingActionException] Action UsersController::img() could not be found.
Exception Attributes: array (
  'controller' => 'UsersController',
  'action' => 'img',
)
Request URL: /users/img/flickr-3.jpg
Stack Trace:
#0 /home/ubuntu/workspace/lib/Cake/Routing/Dispatcher.php(193): Controller->invokeAction(Object(CakeRequest))
#1 /home/ubuntu/workspace/lib/Cake/Routing/Dispatcher.php(167): Dispatcher->_invoke(Object(UsersController), Object(CakeRequest))
#2 /home/ubuntu/workspace/app/webroot/index.php(111): Dispatcher->dispatch(Object(CakeRequest), Object(CakeResponse))
#3 {main}
2016-04-21 04:32:47 Error: [MissingActionException] Action UsersController::img() could not be found.
Exception Attributes: array (
  'controller' => 'UsersController',
  'action' => 'img',
)
Request URL: /users/img/site-logo.png
Stack Trace:
#0 /home/ubuntu/workspace/lib/Cake/Routing/Dispatcher.php(193): Controller->invokeAction(Object(CakeRequest))
#1 /home/ubuntu/workspace/lib/Cake/Routing/Dispatcher.php(167): Dispatcher->_invoke(Object(UsersController), Object(CakeRequest))
#2 /home/ubuntu/workspace/app/webroot/index.php(111): Dispatcher->dispatch(Object(CakeRequest), Object(CakeResponse))
#3 {main}
2016-04-21 04:32:48 Error: [MissingActionException] Action UsersController::img() could not be found.
Exception Attributes: array (
  'controller' => 'UsersController',
  'action' => 'img',
)
Request URL: /users/img/flickr-5.jpg
Stack Trace:
#0 /home/ubuntu/workspace/lib/Cake/Routing/Dispatcher.php(193): Controller->invokeAction(Object(CakeRequest))
#1 /home/ubuntu/workspace/lib/Cake/Routing/Dispatcher.php(167): Dispatcher->_invoke(Object(UsersController), Object(CakeRequest))
#2 /home/ubuntu/workspace/app/webroot/index.php(111): Dispatcher->dispatch(Object(CakeRequest), Object(CakeResponse))
#3 {main}
2016-04-21 04:32:48 Error: [MissingControllerException] Controller class FontsController could not be found.
Exception Attributes: array (
  'class' => 'FontsController',
  'plugin' => NULL,
)
Request URL: /fonts/fontawesome-webfont.woff?v=4.1.0
Stack Trace:
#0 /home/ubuntu/workspace/app/webroot/index.php(111): Dispatcher->dispatch(Object(CakeRequest), Object(CakeResponse))
#1 {main}
2016-04-21 04:32:48 Error: [MissingControllerException] Controller class CssController could not be found.
Exception Attributes: array (
  'class' => 'CssController',
  'plugin' => NULL,
)
Request URL: /css/img/footer-bg.png
Stack Trace:
#0 /home/ubuntu/workspace/app/webroot/index.php(111): Dispatcher->dispatch(Object(CakeRequest), Object(CakeResponse))
#1 {main}
2016-04-21 04:32:48 Error: [MissingActionException] Action UsersController::img() could not be found.
Exception Attributes: array (
  'controller' => 'UsersController',
  'action' => 'img',
)
Request URL: /users/img/flickr-7.jpg
Stack Trace:
#0 /home/ubuntu/workspace/lib/Cake/Routing/Dispatcher.php(193): Controller->invokeAction(Object(CakeRequest))
#1 /home/ubuntu/workspace/lib/Cake/Routing/Dispatcher.php(167): Dispatcher->_invoke(Object(UsersController), Object(CakeRequest))
#2 /home/ubuntu/workspace/app/webroot/index.php(111): Dispatcher->dispatch(Object(CakeRequest), Object(CakeResponse))
#3 {main}
2016-04-21 04:32:48 Error: [MissingActionException] Action UsersController::img() could not be found.
Exception Attributes: array (
  'controller' => 'UsersController',
  'action' => 'img',
)
Request URL: /users/img/flickr-6.jpg
Stack Trace:
#0 /home/ubuntu/workspace/lib/Cake/Routing/Dispatcher.php(193): Controller->invokeAction(Object(CakeRequest))
#1 /home/ubuntu/workspace/lib/Cake/Routing/Dispatcher.php(167): Dispatcher->_invoke(Object(UsersController), Object(CakeRequest))
#2 /home/ubuntu/workspace/app/webroot/index.php(111): Dispatcher->dispatch(Object(CakeRequest), Object(CakeResponse))
#3 {main}
2016-04-21 04:32:48 Error: [MissingActionException] Action UsersController::img() could not be found.
Exception Attributes: array (
  'controller' => 'UsersController',
  'action' => 'img',
)
Request URL: /users/img/flickr-8.jpg
Stack Trace:
#0 /home/ubuntu/workspace/lib/Cake/Routing/Dispatcher.php(193): Controller->invokeAction(Object(CakeRequest))
#1 /home/ubuntu/workspace/lib/Cake/Routing/Dispatcher.php(167): Dispatcher->_invoke(Object(UsersController), Object(CakeRequest))
#2 /home/ubuntu/workspace/app/webroot/index.php(111): Dispatcher->dispatch(Object(CakeRequest), Object(CakeResponse))
#3 {main}
2016-04-21 04:32:49 Error: [MissingControllerException] Controller class FontsController could not be found.
Exception Attributes: array (
  'class' => 'FontsController',
  'plugin' => NULL,
)
Request URL: /fonts/fontawesome-webfont.ttf?v=4.1.0
Stack Trace:
#0 /home/ubuntu/workspace/app/webroot/index.php(111): Dispatcher->dispatch(Object(CakeRequest), Object(CakeResponse))
#1 {main}
2016-04-21 04:33:20 Error: [MissingActionException] Action UsersController::index-2.html() could not be found.
Exception Attributes: array (
  'controller' => 'UsersController',
  'action' => 'index-2.html',
)
Request URL: /users/index-2.html
Stack Trace:
#0 /home/ubuntu/workspace/lib/Cake/Routing/Dispatcher.php(193): Controller->invokeAction(Object(CakeRequest))
#1 /home/ubuntu/workspace/lib/Cake/Routing/Dispatcher.php(167): Dispatcher->_invoke(Object(UsersController), Object(CakeRequest))
#2 /home/ubuntu/workspace/app/webroot/index.php(111): Dispatcher->dispatch(Object(CakeRequest), Object(CakeResponse))
#3 {main}
2016-04-21 04:33:21 Error: [MissingActionException] Action UsersController::img() could not be found.
Exception Attributes: array (
  'controller' => 'UsersController',
  'action' => 'img',
)
Request URL: /users/img/site-logo.png
Stack Trace:
#0 /home/ubuntu/workspace/lib/Cake/Routing/Dispatcher.php(193): Controller->invokeAction(Object(CakeRequest))
#1 /home/ubuntu/workspace/lib/Cake/Routing/Dispatcher.php(167): Dispatcher->_invoke(Object(UsersController), Object(CakeRequest))
#2 /home/ubuntu/workspace/app/webroot/index.php(111): Dispatcher->dispatch(Object(CakeRequest), Object(CakeResponse))
#3 {main}
2016-04-21 04:33:21 Error: [MissingActionException] Action UsersController::img() could not be found.
Exception Attributes: array (
  'controller' => 'UsersController',
  'action' => 'img',
)
Request URL: /users/img/flickr-1.jpg
Stack Trace:
#0 /home/ubuntu/workspace/lib/Cake/Routing/Dispatcher.php(193): Controller->invokeAction(Object(CakeRequest))
#1 /home/ubuntu/workspace/lib/Cake/Routing/Dispatcher.php(167): Dispatcher->_invoke(Object(UsersController), Object(CakeRequest))
#2 /home/ubuntu/workspace/app/webroot/index.php(111): Dispatcher->dispatch(Object(CakeRequest), Object(CakeResponse))
#3 {main}
2016-04-21 04:33:21 Error: [MissingActionException] Action UsersController::img() could not be found.
Exception Attributes: array (
  'controller' => 'UsersController',
  'action' => 'img',
)
Request URL: /users/img/flickr-4.jpg
Stack Trace:
#0 /home/ubuntu/workspace/lib/Cake/Routing/Dispatcher.php(193): Controller->invokeAction(Object(CakeRequest))
#1 /home/ubuntu/workspace/lib/Cake/Routing/Dispatcher.php(167): Dispatcher->_invoke(Object(UsersController), Object(CakeRequest))
#2 /home/ubuntu/workspace/app/webroot/index.php(111): Dispatcher->dispatch(Object(CakeRequest), Object(CakeResponse))
#3 {main}
2016-04-21 04:33:21 Error: [MissingActionException] Action UsersController::img() could not be found.
Exception Attributes: array (
  'controller' => 'UsersController',
  'action' => 'img',
)
Request URL: /users/img/flickr-3.jpg
Stack Trace:
#0 /home/ubuntu/workspace/lib/Cake/Routing/Dispatcher.php(193): Controller->invokeAction(Object(CakeRequest))
#1 /home/ubuntu/workspace/lib/Cake/Routing/Dispatcher.php(167): Dispatcher->_invoke(Object(UsersController), Object(CakeRequest))
#2 /home/ubuntu/workspace/app/webroot/index.php(111): Dispatcher->dispatch(Object(CakeRequest), Object(CakeResponse))
#3 {main}
2016-04-21 04:33:21 Error: [MissingActionException] Action UsersController::img() could not be found.
Exception Attributes: array (
  'controller' => 'UsersController',
  'action' => 'img',
)
Request URL: /users/img/flickr-2.jpg
Stack Trace:
#0 /home/ubuntu/workspace/lib/Cake/Routing/Dispatcher.php(193): Controller->invokeAction(Object(CakeRequest))
#1 /home/ubuntu/workspace/lib/Cake/Routing/Dispatcher.php(167): Dispatcher->_invoke(Object(UsersController), Object(CakeRequest))
#2 /home/ubuntu/workspace/app/webroot/index.php(111): Dispatcher->dispatch(Object(CakeRequest), Object(CakeResponse))
#3 {main}
2016-04-21 04:33:21 Error: [MissingActionException] Action UsersController::img() could not be found.
Exception Attributes: array (
  'controller' => 'UsersController',
  'action' => 'img',
)
Request URL: /users/img/flickr-5.jpg
Stack Trace:
#0 /home/ubuntu/workspace/lib/Cake/Routing/Dispatcher.php(193): Controller->invokeAction(Object(CakeRequest))
#1 /home/ubuntu/workspace/lib/Cake/Routing/Dispatcher.php(167): Dispatcher->_invoke(Object(UsersController), Object(CakeRequest))
#2 /home/ubuntu/workspace/app/webroot/index.php(111): Dispatcher->dispatch(Object(CakeRequest), Object(CakeResponse))
#3 {main}
2016-04-21 04:33:21 Error: [MissingControllerException] Controller class FontsController could not be found.
Exception Attributes: array (
  'class' => 'FontsController',
  'plugin' => NULL,
)
Request URL: /fonts/fontawesome-webfont.woff?v=4.1.0
Stack Trace:
#0 /home/ubuntu/workspace/app/webroot/index.php(111): Dispatcher->dispatch(Object(CakeRequest), Object(CakeResponse))
#1 {main}
2016-04-21 04:33:21 Error: [MissingControllerException] Controller class CssController could not be found.
Exception Attributes: array (
  'class' => 'CssController',
  'plugin' => NULL,
)
Request URL: /css/img/footer-bg.png
Stack Trace:
#0 /home/ubuntu/workspace/app/webroot/index.php(111): Dispatcher->dispatch(Object(CakeRequest), Object(CakeResponse))
#1 {main}
2016-04-21 04:33:21 Error: [MissingActionException] Action UsersController::img() could not be found.
Exception Attributes: array (
  'controller' => 'UsersController',
  'action' => 'img',
)
Request URL: /users/img/flickr-7.jpg
Stack Trace:
#0 /home/ubuntu/workspace/lib/Cake/Routing/Dispatcher.php(193): Controller->invokeAction(Object(CakeRequest))
#1 /home/ubuntu/workspace/lib/Cake/Routing/Dispatcher.php(167): Dispatcher->_invoke(Object(UsersController), Object(CakeRequest))
#2 /home/ubuntu/workspace/app/webroot/index.php(111): Dispatcher->dispatch(Object(CakeRequest), Object(CakeResponse))
#3 {main}
2016-04-21 04:33:22 Error: [MissingActionException] Action UsersController::img() could not be found.
Exception Attributes: array (
  'controller' => 'UsersController',
  'action' => 'img',
)
Request URL: /users/img/flickr-6.jpg
Stack Trace:
#0 /home/ubuntu/workspace/lib/Cake/Routing/Dispatcher.php(193): Controller->invokeAction(Object(CakeRequest))
#1 /home/ubuntu/workspace/lib/Cake/Routing/Dispatcher.php(167): Dispatcher->_invoke(Object(UsersController), Object(CakeRequest))
#2 /home/ubuntu/workspace/app/webroot/index.php(111): Dispatcher->dispatch(Object(CakeRequest), Object(CakeResponse))
#3 {main}
2016-04-21 04:33:22 Error: [MissingActionException] Action UsersController::img() could not be found.
Exception Attributes: array (
  'controller' => 'UsersController',
  'action' => 'img',
)
Request URL: /users/img/flickr-8.jpg
Stack Trace:
#0 /home/ubuntu/workspace/lib/Cake/Routing/Dispatcher.php(193): Controller->invokeAction(Object(CakeRequest))
#1 /home/ubuntu/workspace/lib/Cake/Routing/Dispatcher.php(167): Dispatcher->_invoke(Object(UsersController), Object(CakeRequest))
#2 /home/ubuntu/workspace/app/webroot/index.php(111): Dispatcher->dispatch(Object(CakeRequest), Object(CakeResponse))
#3 {main}
2016-04-21 04:33:22 Error: [MissingControllerException] Controller class FontsController could not be found.
Exception Attributes: array (
  'class' => 'FontsController',
  'plugin' => NULL,
)
Request URL: /fonts/fontawesome-webfont.ttf?v=4.1.0
Stack Trace:
#0 /home/ubuntu/workspace/app/webroot/index.php(111): Dispatcher->dispatch(Object(CakeRequest), Object(CakeResponse))
#1 {main}
2016-04-21 04:34:33 Error: [MissingActionException] Action UsersController::img() could not be found.
Exception Attributes: array (
  'controller' => 'UsersController',
  'action' => 'img',
)
Request URL: /users/img/site-logo.png
Stack Trace:
#0 /home/ubuntu/workspace/lib/Cake/Routing/Dispatcher.php(193): Controller->invokeAction(Object(CakeRequest))
#1 /home/ubuntu/workspace/lib/Cake/Routing/Dispatcher.php(167): Dispatcher->_invoke(Object(UsersController), Object(CakeRequest))
#2 /home/ubuntu/workspace/app/webroot/index.php(111): Dispatcher->dispatch(Object(CakeRequest), Object(CakeResponse))
#3 {main}
2016-04-21 04:34:33 Error: [MissingActionException] Action UsersController::img() could not be found.
Exception Attributes: array (
  'controller' => 'UsersController',
  'action' => 'img',
)
Request URL: /users/img/flickr-1.jpg
Stack Trace:
#0 /home/ubuntu/workspace/lib/Cake/Routing/Dispatcher.php(193): Controller->invokeAction(Object(CakeRequest))
#1 /home/ubuntu/workspace/lib/Cake/Routing/Dispatcher.php(167): Dispatcher->_invoke(Object(UsersController), Object(CakeRequest))
#2 /home/ubuntu/workspace/app/webroot/index.php(111): Dispatcher->dispatch(Object(CakeRequest), Object(CakeResponse))
#3 {main}
2016-04-21 04:34:33 Error: [MissingActionException] Action UsersController::img() could not be found.
Exception Attributes: array (
  'controller' => 'UsersController',
  'action' => 'img',
)
Request URL: /users/img/flickr-3.jpg
Stack Trace:
#0 /home/ubuntu/workspace/lib/Cake/Routing/Dispatcher.php(193): Controller->invokeAction(Object(CakeRequest))
#1 /home/ubuntu/workspace/lib/Cake/Routing/Dispatcher.php(167): Dispatcher->_invoke(Object(UsersController), Object(CakeRequest))
#2 /home/ubuntu/workspace/app/webroot/index.php(111): Dispatcher->dispatch(Object(CakeRequest), Object(CakeResponse))
#3 {main}
2016-04-21 04:34:33 Error: [MissingActionException] Action UsersController::img() could not be found.
Exception Attributes: array (
  'controller' => 'UsersController',
  'action' => 'img',
)
Request URL: /users/img/flickr-5.jpg
Stack Trace:
#0 /home/ubuntu/workspace/lib/Cake/Routing/Dispatcher.php(193): Controller->invokeAction(Object(CakeRequest))
#1 /home/ubuntu/workspace/lib/Cake/Routing/Dispatcher.php(167): Dispatcher->_invoke(Object(UsersController), Object(CakeRequest))
#2 /home/ubuntu/workspace/app/webroot/index.php(111): Dispatcher->dispatch(Object(CakeRequest), Object(CakeResponse))
#3 {main}
2016-04-21 04:34:33 Error: [MissingActionException] Action UsersController::img() could not be found.
Exception Attributes: array (
  'controller' => 'UsersController',
  'action' => 'img',
)
Request URL: /users/img/flickr-4.jpg
Stack Trace:
#0 /home/ubuntu/workspace/lib/Cake/Routing/Dispatcher.php(193): Controller->invokeAction(Object(CakeRequest))
#1 /home/ubuntu/workspace/lib/Cake/Routing/Dispatcher.php(167): Dispatcher->_invoke(Object(UsersController), Object(CakeRequest))
#2 /home/ubuntu/workspace/app/webroot/index.php(111): Dispatcher->dispatch(Object(CakeRequest), Object(CakeResponse))
#3 {main}
2016-04-21 04:34:33 Error: [MissingActionException] Action UsersController::img() could not be found.
Exception Attributes: array (
  'controller' => 'UsersController',
  'action' => 'img',
)
Request URL: /users/img/flickr-2.jpg
Stack Trace:
#0 /home/ubuntu/workspace/lib/Cake/Routing/Dispatcher.php(193): Controller->invokeAction(Object(CakeRequest))
#1 /home/ubuntu/workspace/lib/Cake/Routing/Dispatcher.php(167): Dispatcher->_invoke(Object(UsersController), Object(CakeRequest))
#2 /home/ubuntu/workspace/app/webroot/index.php(111): Dispatcher->dispatch(Object(CakeRequest), Object(CakeResponse))
#3 {main}
2016-04-21 04:34:34 Error: [MissingActionException] Action UsersController::img() could not be found.
Exception Attributes: array (
  'controller' => 'UsersController',
  'action' => 'img',
)
Request URL: /users/img/flickr-6.jpg
Stack Trace:
#0 /home/ubuntu/workspace/lib/Cake/Routing/Dispatcher.php(193): Controller->invokeAction(Object(CakeRequest))
#1 /home/ubuntu/workspace/lib/Cake/Routing/Dispatcher.php(167): Dispatcher->_invoke(Object(UsersController), Object(CakeRequest))
#2 /home/ubuntu/workspace/app/webroot/index.php(111): Dispatcher->dispatch(Object(CakeRequest), Object(CakeResponse))
#3 {main}
2016-04-21 04:34:34 Error: [MissingActionException] Action UsersController::img() could not be found.
Exception Attributes: array (
  'controller' => 'UsersController',
  'action' => 'img',
)
Request URL: /users/img/flickr-8.jpg
Stack Trace:
#0 /home/ubuntu/workspace/lib/Cake/Routing/Dispatcher.php(193): Controller->invokeAction(Object(CakeRequest))
#1 /home/ubuntu/workspace/lib/Cake/Routing/Dispatcher.php(167): Dispatcher->_invoke(Object(UsersController), Object(CakeRequest))
#2 /home/ubuntu/workspace/app/webroot/index.php(111): Dispatcher->dispatch(Object(CakeRequest), Object(CakeResponse))
#3 {main}
2016-04-21 04:34:34 Error: [MissingActionException] Action UsersController::img() could not be found.
Exception Attributes: array (
  'controller' => 'UsersController',
  'action' => 'img',
)
Request URL: /users/img/flickr-7.jpg
Stack Trace:
#0 /home/ubuntu/workspace/lib/Cake/Routing/Dispatcher.php(193): Controller->invokeAction(Object(CakeRequest))
#1 /home/ubuntu/workspace/lib/Cake/Routing/Dispatcher.php(167): Dispatcher->_invoke(Object(UsersController), Object(CakeRequest))
#2 /home/ubuntu/workspace/app/webroot/index.php(111): Dispatcher->dispatch(Object(CakeRequest), Object(CakeResponse))
#3 {main}
2016-04-21 04:34:34 Error: [MissingActionException] Action UsersController::img() could not be found.
Exception Attributes: array (
  'controller' => 'UsersController',
  'action' => 'img',
)
Request URL: /users/img/site-logo.png
Stack Trace:
#0 /home/ubuntu/workspace/lib/Cake/Routing/Dispatcher.php(193): Controller->invokeAction(Object(CakeRequest))
#1 /home/ubuntu/workspace/lib/Cake/Routing/Dispatcher.php(167): Dispatcher->_invoke(Object(UsersController), Object(CakeRequest))
#2 /home/ubuntu/workspace/app/webroot/index.php(111): Dispatcher->dispatch(Object(CakeRequest), Object(CakeResponse))
#3 {main}
2016-04-21 04:34:34 Error: [MissingActionException] Action UsersController::img() could not be found.
Exception Attributes: array (
  'controller' => 'UsersController',
  'action' => 'img',
)
Request URL: /users/img/flickr-1.jpg
Stack Trace:
#0 /home/ubuntu/workspace/lib/Cake/Routing/Dispatcher.php(193): Controller->invokeAction(Object(CakeRequest))
#1 /home/ubuntu/workspace/lib/Cake/Routing/Dispatcher.php(167): Dispatcher->_invoke(Object(UsersController), Object(CakeRequest))
#2 /home/ubuntu/workspace/app/webroot/index.php(111): Dispatcher->dispatch(Object(CakeRequest), Object(CakeResponse))
#3 {main}
2016-04-21 04:34:34 Error: [MissingActionException] Action UsersController::img() could not be found.
Exception Attributes: array (
  'controller' => 'UsersController',
  'action' => 'img',
)
Request URL: /users/img/flickr-2.jpg
Stack Trace:
#0 /home/ubuntu/workspace/lib/Cake/Routing/Dispatcher.php(193): Controller->invokeAction(Object(CakeRequest))
#1 /home/ubuntu/workspace/lib/Cake/Routing/Dispatcher.php(167): Dispatcher->_invoke(Object(UsersController), Object(CakeRequest))
#2 /home/ubuntu/workspace/app/webroot/index.php(111): Dispatcher->dispatch(Object(CakeRequest), Object(CakeResponse))
#3 {main}
2016-04-21 04:34:34 Error: [MissingControllerException] Controller class FontsController could not be found.
Exception Attributes: array (
  'class' => 'FontsController',
  'plugin' => NULL,
)
Request URL: /fonts/fontawesome-webfont.woff?v=4.1.0
Stack Trace:
#0 /home/ubuntu/workspace/app/webroot/index.php(111): Dispatcher->dispatch(Object(CakeRequest), Object(CakeResponse))
#1 {main}
2016-04-21 04:34:34 Error: [MissingActionException] Action UsersController::img() could not be found.
Exception Attributes: array (
  'controller' => 'UsersController',
  'action' => 'img',
)
Request URL: /users/img/flickr-3.jpg
Stack Trace:
#0 /home/ubuntu/workspace/lib/Cake/Routing/Dispatcher.php(193): Controller->invokeAction(Object(CakeRequest))
#1 /home/ubuntu/workspace/lib/Cake/Routing/Dispatcher.php(167): Dispatcher->_invoke(Object(UsersController), Object(CakeRequest))
#2 /home/ubuntu/workspace/app/webroot/index.php(111): Dispatcher->dispatch(Object(CakeRequest), Object(CakeResponse))
#3 {main}
2016-04-21 04:34:35 Error: [MissingControllerException] Controller class CssController could not be found.
Exception Attributes: array (
  'class' => 'CssController',
  'plugin' => NULL,
)
Request URL: /css/img/footer-bg.png
Stack Trace:
#0 /home/ubuntu/workspace/app/webroot/index.php(111): Dispatcher->dispatch(Object(CakeRequest), Object(CakeResponse))
#1 {main}
2016-04-21 04:34:35 Error: [MissingActionException] Action UsersController::img() could not be found.
Exception Attributes: array (
  'controller' => 'UsersController',
  'action' => 'img',
)
Request URL: /users/img/flickr-5.jpg
Stack Trace:
#0 /home/ubuntu/workspace/lib/Cake/Routing/Dispatcher.php(193): Controller->invokeAction(Object(CakeRequest))
#1 /home/ubuntu/workspace/lib/Cake/Routing/Dispatcher.php(167): Dispatcher->_invoke(Object(UsersController), Object(CakeRequest))
#2 /home/ubuntu/workspace/app/webroot/index.php(111): Dispatcher->dispatch(Object(CakeRequest), Object(CakeResponse))
#3 {main}
2016-04-21 04:34:35 Error: [MissingActionException] Action UsersController::img() could not be found.
Exception Attributes: array (
  'controller' => 'UsersController',
  'action' => 'img',
)
Request URL: /users/img/flickr-4.jpg
Stack Trace:
#0 /home/ubuntu/workspace/lib/Cake/Routing/Dispatcher.php(193): Controller->invokeAction(Object(CakeRequest))
#1 /home/ubuntu/workspace/lib/Cake/Routing/Dispatcher.php(167): Dispatcher->_invoke(Object(UsersController), Object(CakeRequest))
#2 /home/ubuntu/workspace/app/webroot/index.php(111): Dispatcher->dispatch(Object(CakeRequest), Object(CakeResponse))
#3 {main}
2016-04-21 04:34:35 Error: [MissingControllerException] Controller class FontsController could not be found.
Exception Attributes: array (
  'class' => 'FontsController',
  'plugin' => NULL,
)
Request URL: /fonts/fontawesome-webfont.ttf?v=4.1.0
Stack Trace:
#0 /home/ubuntu/workspace/app/webroot/index.php(111): Dispatcher->dispatch(Object(CakeRequest), Object(CakeResponse))
#1 {main}
2016-04-21 04:38:20 Error: [MissingActionException] Action UsersController::img() could not be found.
Exception Attributes: array (
  'controller' => 'UsersController',
  'action' => 'img',
)
Request URL: /users/img/site-logo.png
Stack Trace:
#0 /home/ubuntu/workspace/lib/Cake/Routing/Dispatcher.php(193): Controller->invokeAction(Object(CakeRequest))
#1 /home/ubuntu/workspace/lib/Cake/Routing/Dispatcher.php(167): Dispatcher->_invoke(Object(UsersController), Object(CakeRequest))
#2 /home/ubuntu/workspace/app/webroot/index.php(111): Dispatcher->dispatch(Object(CakeRequest), Object(CakeResponse))
#3 {main}
2016-04-21 04:38:21 Error: [MissingActionException] Action UsersController::img() could not be found.
Exception Attributes: array (
  'controller' => 'UsersController',
  'action' => 'img',
)
Request URL: /users/img/flickr-1.jpg
Stack Trace:
#0 /home/ubuntu/workspace/lib/Cake/Routing/Dispatcher.php(193): Controller->invokeAction(Object(CakeRequest))
#1 /home/ubuntu/workspace/lib/Cake/Routing/Dispatcher.php(167): Dispatcher->_invoke(Object(UsersController), Object(CakeRequest))
#2 /home/ubuntu/workspace/app/webroot/index.php(111): Dispatcher->dispatch(Object(CakeRequest), Object(CakeResponse))
#3 {main}
2016-04-21 04:38:21 Error: [MissingActionException] Action UsersController::img() could not be found.
Exception Attributes: array (
  'controller' => 'UsersController',
  'action' => 'img',
)
Request URL: /users/img/flickr-4.jpg
Stack Trace:
#0 /home/ubuntu/workspace/lib/Cake/Routing/Dispatcher.php(193): Controller->invokeAction(Object(CakeRequest))
#1 /home/ubuntu/workspace/lib/Cake/Routing/Dispatcher.php(167): Dispatcher->_invoke(Object(UsersController), Object(CakeRequest))
#2 /home/ubuntu/workspace/app/webroot/index.php(111): Dispatcher->dispatch(Object(CakeRequest), Object(CakeResponse))
#3 {main}
2016-04-21 04:38:21 Error: [MissingActionException] Action UsersController::img() could not be found.
Exception Attributes: array (
  'controller' => 'UsersController',
  'action' => 'img',
)
Request URL: /users/img/flickr-2.jpg
Stack Trace:
#0 /home/ubuntu/workspace/lib/Cake/Routing/Dispatcher.php(193): Controller->invokeAction(Object(CakeRequest))
#1 /home/ubuntu/workspace/lib/Cake/Routing/Dispatcher.php(167): Dispatcher->_invoke(Object(UsersController), Object(CakeRequest))
#2 /home/ubuntu/workspace/app/webroot/index.php(111): Dispatcher->dispatch(Object(CakeRequest), Object(CakeResponse))
#3 {main}
2016-04-21 04:38:21 Error: [MissingActionException] Action UsersController::img() could not be found.
Exception Attributes: array (
  'controller' => 'UsersController',
  'action' => 'img',
)
Request URL: /users/img/flickr-3.jpg
Stack Trace:
#0 /home/ubuntu/workspace/lib/Cake/Routing/Dispatcher.php(193): Controller->invokeAction(Object(CakeRequest))
#1 /home/ubuntu/workspace/lib/Cake/Routing/Dispatcher.php(167): Dispatcher->_invoke(Object(UsersController), Object(CakeRequest))
#2 /home/ubuntu/workspace/app/webroot/index.php(111): Dispatcher->dispatch(Object(CakeRequest), Object(CakeResponse))
#3 {main}
2016-04-21 04:38:21 Error: [MissingActionException] Action UsersController::img() could not be found.
Exception Attributes: array (
  'controller' => 'UsersController',
  'action' => 'img',
)
Request URL: /users/img/flickr-5.jpg
Stack Trace:
#0 /home/ubuntu/workspace/lib/Cake/Routing/Dispatcher.php(193): Controller->invokeAction(Object(CakeRequest))
#1 /home/ubuntu/workspace/lib/Cake/Routing/Dispatcher.php(167): Dispatcher->_invoke(Object(UsersController), Object(CakeRequest))
#2 /home/ubuntu/workspace/app/webroot/index.php(111): Dispatcher->dispatch(Object(CakeRequest), Object(CakeResponse))
#3 {main}
2016-04-21 04:38:21 Error: [MissingActionException] Action UsersController::img() could not be found.
Exception Attributes: array (
  'controller' => 'UsersController',
  'action' => 'img',
)
Request URL: /users/img/flickr-6.jpg
Stack Trace:
#0 /home/ubuntu/workspace/lib/Cake/Routing/Dispatcher.php(193): Controller->invokeAction(Object(CakeRequest))
#1 /home/ubuntu/workspace/lib/Cake/Routing/Dispatcher.php(167): Dispatcher->_invoke(Object(UsersController), Object(CakeRequest))
#2 /home/ubuntu/workspace/app/webroot/index.php(111): Dispatcher->dispatch(Object(CakeRequest), Object(CakeResponse))
#3 {main}
2016-04-21 04:38:22 Error: [MissingActionException] Action UsersController::img() could not be found.
Exception Attributes: array (
  'controller' => 'UsersController',
  'action' => 'img',
)
Request URL: /users/img/flickr-7.jpg
Stack Trace:
#0 /home/ubuntu/workspace/lib/Cake/Routing/Dispatcher.php(193): Controller->invokeAction(Object(CakeRequest))
#1 /home/ubuntu/workspace/lib/Cake/Routing/Dispatcher.php(167): Dispatcher->_invoke(Object(UsersController), Object(CakeRequest))
#2 /home/ubuntu/workspace/app/webroot/index.php(111): Dispatcher->dispatch(Object(CakeRequest), Object(CakeResponse))
#3 {main}
2016-04-21 04:38:22 Error: [MissingActionException] Action UsersController::img() could not be found.
Exception Attributes: array (
  'controller' => 'UsersController',
  'action' => 'img',
)
Request URL: /users/img/flickr-8.jpg
Stack Trace:
#0 /home/ubuntu/workspace/lib/Cake/Routing/Dispatcher.php(193): Controller->invokeAction(Object(CakeRequest))
#1 /home/ubuntu/workspace/lib/Cake/Routing/Dispatcher.php(167): Dispatcher->_invoke(Object(UsersController), Object(CakeRequest))
#2 /home/ubuntu/workspace/app/webroot/index.php(111): Dispatcher->dispatch(Object(CakeRequest), Object(CakeResponse))
#3 {main}
2016-04-21 04:38:22 Error: [MissingActionException] Action UsersController::img() could not be found.
Exception Attributes: array (
  'controller' => 'UsersController',
  'action' => 'img',
)
Request URL: /users/img/site-logo.png
Stack Trace:
#0 /home/ubuntu/workspace/lib/Cake/Routing/Dispatcher.php(193): Controller->invokeAction(Object(CakeRequest))
#1 /home/ubuntu/workspace/lib/Cake/Routing/Dispatcher.php(167): Dispatcher->_invoke(Object(UsersController), Object(CakeRequest))
#2 /home/ubuntu/workspace/app/webroot/index.php(111): Dispatcher->dispatch(Object(CakeRequest), Object(CakeResponse))
#3 {main}
2016-04-21 04:38:22 Error: [MissingActionException] Action UsersController::img() could not be found.
Exception Attributes: array (
  'controller' => 'UsersController',
  'action' => 'img',
)
Request URL: /users/img/flickr-1.jpg
Stack Trace:
#0 /home/ubuntu/workspace/lib/Cake/Routing/Dispatcher.php(193): Controller->invokeAction(Object(CakeRequest))
#1 /home/ubuntu/workspace/lib/Cake/Routing/Dispatcher.php(167): Dispatcher->_invoke(Object(UsersController), Object(CakeRequest))
#2 /home/ubuntu/workspace/app/webroot/index.php(111): Dispatcher->dispatch(Object(CakeRequest), Object(CakeResponse))
#3 {main}
2016-04-21 04:38:22 Error: [MissingControllerException] Controller class FontsController could not be found.
Exception Attributes: array (
  'class' => 'FontsController',
  'plugin' => NULL,
)
Request URL: /fonts/fontawesome-webfont.woff?v=4.1.0
Stack Trace:
#0 /home/ubuntu/workspace/app/webroot/index.php(111): Dispatcher->dispatch(Object(CakeRequest), Object(CakeResponse))
#1 {main}
2016-04-21 04:38:22 Error: [MissingActionException] Action UsersController::img() could not be found.
Exception Attributes: array (
  'controller' => 'UsersController',
  'action' => 'img',
)
Request URL: /users/img/flickr-4.jpg
Stack Trace:
#0 /home/ubuntu/workspace/lib/Cake/Routing/Dispatcher.php(193): Controller->invokeAction(Object(CakeRequest))
#1 /home/ubuntu/workspace/lib/Cake/Routing/Dispatcher.php(167): Dispatcher->_invoke(Object(UsersController), Object(CakeRequest))
#2 /home/ubuntu/workspace/app/webroot/index.php(111): Dispatcher->dispatch(Object(CakeRequest), Object(CakeResponse))
#3 {main}
2016-04-21 04:38:23 Error: [MissingControllerException] Controller class CssController could not be found.
Exception Attributes: array (
  'class' => 'CssController',
  'plugin' => NULL,
)
Request URL: /css/img/footer-bg.png
Stack Trace:
#0 /home/ubuntu/workspace/app/webroot/index.php(111): Dispatcher->dispatch(Object(CakeRequest), Object(CakeResponse))
#1 {main}
2016-04-21 04:38:23 Error: [MissingControllerException] Controller class FontsController could not be found.
Exception Attributes: array (
  'class' => 'FontsController',
  'plugin' => NULL,
)
Request URL: /fonts/fontawesome-webfont.ttf?v=4.1.0
Stack Trace:
#0 /home/ubuntu/workspace/app/webroot/index.php(111): Dispatcher->dispatch(Object(CakeRequest), Object(CakeResponse))
#1 {main}
